<?xml version="1.0" encoding="UTF-8"?>
<testng-results skipped="0" failed="0" ignored="0" total="1" passed="1">
  <reporter-output>
  </reporter-output>
  <suite name="practice.automationtesting.selenium.RegisterPageTest" duration-ms="11148" started-at="2019-08-28T10:24:38Z" finished-at="2019-08-28T10:24:49Z">
    <groups>
    </groups>
    <test name="Command line test" duration-ms="11148" started-at="2019-08-28T10:24:38Z" finished-at="2019-08-28T10:24:49Z">
      <class name="practice.automationtesting.selenium.RegisterPageTest">
        <test-method status="PASS" signature="beforeTest()[pri:0, instance:practice.automationtesting.selenium.RegisterPageTest@6cd8737]" name="beforeTest" is-config="true" duration-ms="9165" started-at="2019-08-28T10:24:38Z" finished-at="2019-08-28T10:24:47Z">
          <reporter-output>
          </reporter-output>
        </test-method> <!-- beforeTest -->
        <test-method status="PASS" signature="InvalidEmail_ResgiterFail()[pri:0, instance:practice.automationtesting.selenium.RegisterPageTest@6cd8737]" name="InvalidEmail_ResgiterFail" duration-ms="118" started-at="2019-08-28T10:24:47Z" finished-at="2019-08-28T10:24:47Z">
          <reporter-output>
          </reporter-output>
        </test-method> <!-- InvalidEmail_ResgiterFail -->
        <test-method status="PASS" signature="afterTest()[pri:0, instance:practice.automationtesting.selenium.RegisterPageTest@6cd8737]" name="afterTest" is-config="true" duration-ms="1849" started-at="2019-08-28T10:24:47Z" finished-at="2019-08-28T10:24:49Z">
          <reporter-output>
          </reporter-output>
        </test-method> <!-- afterTest -->
      </class> <!-- practice.automationtesting.selenium.RegisterPageTest -->
    </test> <!-- Command line test -->
  </suite> <!-- practice.automationtesting.selenium.RegisterPageTest -->
</testng-results>
